==9634== NVPROF is profiling process 9634, command: ./checkDeviceInfor.out
./checkDeviceInfor.out Starting...
Detected 1 CUDA Capable device(s)
Device 0: "NVIDIA GeForce GTX 1080"
  CUDA Driver Version / Runtime Version          11.4 / 10.1
  CUDA Capability Major/Minor version number:    6.1
  Total amount of global memory:                 7.93 GBytes (8513978368 bytes)
  GPU Clock rate:                                1835 MHz (1.84 GHz)
  Memory Clock rate:                             5005 Mhz
  Memory Bus Width:                              256-bit
  L2 Cache Size:                                 2097152 bytes
  Max Texture Dimension Size (x,y,z)             1D=(131072), 2D=(131072,65536), 3D=(16384,16384,16384)
  Max Layered Texture Size (dim) x layers        1D=(32768) x 2048, 2D=(32768,32768) x 2048
  Total amount of constant memory:               65536 bytes
  Total amount of shared memory per block:       49152 bytes
  Total number of registers available per block: 65536
  Warp size:                                     32
  Maximum number of threads per multiprocessor:  2048
  Maximum number of threads per block:           1024
  Maximum sizes of each dimension of a block:    1024 x 1024 x 64
  Maximum sizes of each dimension of a grid:     2147483647 x 65535 x 65535
  Maximum memory pitch:                          2147483647 bytes
==9634== Profiling application: ./checkDeviceInfor.out
==9634== Profiling result:
No kernels were profiled.
            Type  Time(%)      Time     Calls       Avg       Min       Max  Name
      API calls:   37.62%  183.30us         1  183.30us  183.30us  183.30us  cuDeviceTotalMem
                   29.51%  143.80us        97  1.4820us     100ns  63.199us  cuDeviceGetAttribute
                   24.54%  119.60us         1  119.60us  119.60us  119.60us  cudaGetDeviceProperties
                    5.46%  26.600us         1  26.600us  26.600us  26.600us  cuDeviceGetName
                    1.50%  7.3000us         1  7.3000us  7.3000us  7.3000us  cuDeviceGetPCIBusId
                    0.51%  2.5000us         1  2.5000us  2.5000us  2.5000us  cudaSetDevice
                    0.33%  1.6000us         3     533ns     100ns  1.3000us  cuDeviceGetCount
                    0.18%     900ns         2     450ns     100ns     800ns  cuDeviceGet
                    0.18%     900ns         1     900ns     900ns     900ns  cudaGetDeviceCount
                    0.08%     400ns         1     400ns     400ns     400ns  cudaDriverGetVersion
                    0.04%     200ns         1     200ns     200ns     200ns  cuDeviceGetUuid
                    0.04%     200ns         1     200ns     200ns     200ns  cudaRuntimeGetVersion
