
==============NVSMI LOG==============

Timestamp                                 : Wed Aug 11 22:40:10 2021
Driver Version                            : 470.57.02
CUDA Version                              : 11.4

Attached GPUs                             : 1
GPU 000042A4:00:00.0
    Product Name                          : NVIDIA GeForce RTX 2080
    Product Brand                         : GeForce
    Display Mode                          : Disabled
    Display Active                        : Disabled
    Persistence Mode                      : Disabled
    MIG Mode
        Current                           : N/A
        Pending                           : N/A
    Accounting Mode                       : Disabled
    Accounting Mode Buffer Size           : 4000
    Driver Model
        Current                           : N/A
        Pending                           : N/A
    Serial Number                         : N/A
    GPU UUID                              : GPU-1a628bbd-2697-b73d-396b-b2fc054055f7
    Minor Number                          : 0
    VBIOS Version                         : 90.04.23.00.1C
    MultiGPU Board                        : No
    Board ID                              : 0x42a40000
    GPU Part Number                       : N/A
    Module ID                             : 0
    Inforom Version
        Image Version                     : G001.0000.02.04
        OEM Object                        : 1.1
        ECC Object                        : N/A
        Power Management Object           : N/A
    GPU Operation Mode
        Current                           : N/A
        Pending                           : N/A
    GSP Firmware Version                  : N/A
    GPU Virtualization Mode
        Virtualization Mode               : Pass-Through
        Host VGPU Mode                    : N/A
    IBMNPU
        Relaxed Ordering Mode             : N/A
    PCI
        Bus                               : 0x00
        Device                            : 0x00
        Domain                            : 0x42A4
        Device Id                         : 0x1E8210DE
        Bus Id                            : 000042A4:00:00.0
        Sub System Id                     : 0x351019DA
        GPU Link Info
            PCIe Generation
                Max                       : 3
                Current                   : 1
            Link Width
                Max                       : 16x
                Current                   : 16x
        Bridge Chip
            Type                          : N/A
            Firmware                      : N/A
        Replays Since Reset               : 0
        Replay Number Rollovers           : 0
        Tx Throughput                     : 0 KB/s
        Rx Throughput                     : 0 KB/s
    Fan Speed                             : 51 %
    Performance State                     : P8
    Clocks Throttle Reasons
        Idle                              : Not Active
        Applications Clocks Setting       : Not Active
        SW Power Cap                      : Active
        HW Slowdown                       : Not Active
            HW Thermal Slowdown           : Not Active
            HW Power Brake Slowdown       : Not Active
        Sync Boost                        : Not Active
        SW Thermal Slowdown               : Not Active
        Display Clock Setting             : Not Active
    FB Memory Usage
        Total                             : 7982 MiB
        Used                              : 15 MiB
        Free                              : 7967 MiB
    BAR1 Memory Usage
        Total                             : 256 MiB
        Used                              : 4 MiB
        Free                              : 252 MiB
    Compute Mode                          : Default
    Utilization
        Gpu                               : 0 %
        Memory                            : 0 %
        Encoder                           : 0 %
        Decoder                           : 0 %
    Encoder Stats
        Active Sessions                   : 0
        Average FPS                       : 0
        Average Latency                   : 0
    FBC Stats
        Active Sessions                   : 0
        Average FPS                       : 0
        Average Latency                   : 0
    Ecc Mode
        Current                           : N/A
        Pending                           : N/A
    ECC Errors
        Volatile
            SRAM Correctable              : N/A
            SRAM Uncorrectable            : N/A
            DRAM Correctable              : N/A
            DRAM Uncorrectable            : N/A
        Aggregate
            SRAM Correctable              : N/A
            SRAM Uncorrectable            : N/A
            DRAM Correctable              : N/A
            DRAM Uncorrectable            : N/A
    Retired Pages
        Single Bit ECC                    : N/A
        Double Bit ECC                    : N/A
        Pending Page Blacklist            : N/A
    Remapped Rows                         : N/A
    Temperature
        GPU Current Temp                  : 37 C
        GPU Shutdown Temp                 : 100 C
        GPU Slowdown Temp                 : 97 C
        GPU Max Operating Temp            : 88 C
        GPU Target Temperature            : 83 C
        Memory Current Temp               : N/A
        Memory Max Operating Temp         : N/A
    Power Readings
        Power Management                  : Supported
        Power Draw                        : 22.27 W
        Power Limit                       : 215.00 W
        Default Power Limit               : 215.00 W
        Enforced Power Limit              : 215.00 W
        Min Power Limit                   : 125.00 W
        Max Power Limit                   : 240.00 W
    Clocks
        Graphics                          : 300 MHz
        SM                                : 300 MHz
        Memory                            : 405 MHz
        Video                             : 540 MHz
    Applications Clocks
        Graphics                          : N/A
        Memory                            : N/A
    Default Applications Clocks
        Graphics                          : N/A
        Memory                            : N/A
    Max Clocks
        Graphics                          : 2100 MHz
        SM                                : 2100 MHz
        Memory                            : 7000 MHz
        Video                             : 1950 MHz
    Max Customer Boost Clocks
        Graphics                          : N/A
    Clock Policy
        Auto Boost                        : N/A
        Auto Boost Default                : N/A
    Voltage
        Graphics                          : N/A
    Processes
        GPU instance ID                   : N/A
        Compute instance ID               : N/A
        Process ID                        : 789
            Type                          : G
            Name                          : /usr/lib/xorg/Xorg
            Used GPU Memory               : 9 MiB
        GPU instance ID                   : N/A
        Compute instance ID               : N/A
        Process ID                        : 988
            Type                          : G
            Name                          : /usr/bin/gnome-shell
            Used GPU Memory               : 3 MiB

